2019.07.19 14:25:11 INFO  es[][o.e.n.Node] initializing ...
2019.07.19 14:25:11 INFO  es[][o.e.e.NodeEnvironment] using [1] data paths, mounts [[/opt/sonarqube/data (/dev/sda9)]], net usable_space [269.3gb], net total_space [390.8gb], spins? [possibly], types [ext4]
2019.07.19 14:25:11 INFO  es[][o.e.e.NodeEnvironment] heap size [494.9mb], compressed ordinary object pointers [true]
2019.07.19 14:25:11 INFO  es[][o.e.n.Node] node name [sonarqube], node ID [PKYnVQpxQbmC3pQ8D3kBbw]
2019.07.19 14:25:11 INFO  es[][o.e.n.Node] version[5.6.3], pid[24], build[1a2f265/2017-10-06T20:33:39.012Z], OS[Linux/4.15.0-20-generic/amd64], JVM[Oracle Corporation/OpenJDK 64-Bit Server VM/1.8.0_181/25.181-b13]
2019.07.19 14:25:11 INFO  es[][o.e.n.Node] JVM arguments [-XX:+UseConcMarkSweepGC, -XX:CMSInitiatingOccupancyFraction=75, -XX:+UseCMSInitiatingOccupancyOnly, -XX:+AlwaysPreTouch, -Xss1m, -Djava.awt.headless=true, -Dfile.encoding=UTF-8, -Djna.nosys=true, -Djdk.io.permissionsUseCanonicalPath=true, -Dio.netty.noUnsafe=true, -Dio.netty.noKeySetOptimization=true, -Dio.netty.recycler.maxCapacityPerThread=0, -Dlog4j.shutdownHookEnabled=false, -Dlog4j2.disable.jmx=true, -Dlog4j.skipJansi=true, -Xms512m, -Xmx512m, -XX:+HeapDumpOnOutOfMemoryError, -Des.path.home=/opt/sonarqube/elasticsearch]
2019.07.19 14:25:12 INFO  es[][o.e.p.PluginsService] loaded module [aggs-matrix-stats]
2019.07.19 14:25:12 INFO  es[][o.e.p.PluginsService] loaded module [ingest-common]
2019.07.19 14:25:12 INFO  es[][o.e.p.PluginsService] loaded module [parent-join]
2019.07.19 14:25:12 INFO  es[][o.e.p.PluginsService] loaded module [percolator]
2019.07.19 14:25:12 INFO  es[][o.e.p.PluginsService] loaded module [reindex]
2019.07.19 14:25:12 INFO  es[][o.e.p.PluginsService] loaded module [transport-netty4]
2019.07.19 14:25:12 INFO  es[][o.e.p.PluginsService] no plugins loaded
2019.07.19 14:25:13 INFO  es[][o.e.d.DiscoveryModule] using discovery type [zen]
2019.07.19 14:25:14 INFO  es[][o.e.n.Node] initialized
2019.07.19 14:25:14 INFO  es[][o.e.n.Node] starting ...
2019.07.19 14:25:15 INFO  es[][o.e.t.TransportService] publish_address {127.0.0.1:9001}, bound_addresses {127.0.0.1:9001}
2019.07.19 14:25:15 WARN  es[][o.e.b.BootstrapChecks] max virtual memory areas vm.max_map_count [65530] is too low, increase to at least [262144]
2019.07.19 14:25:18 INFO  es[][o.e.c.s.ClusterService] new_master {sonarqube}{PKYnVQpxQbmC3pQ8D3kBbw}{kF3lgvuES_-sh8U0N7_GOw}{127.0.0.1}{127.0.0.1:9001}{rack_id=sonarqube}, reason: zen-disco-elected-as-master ([0] nodes joined)
2019.07.19 14:25:18 INFO  es[][o.e.n.Node] started
2019.07.19 14:25:18 INFO  es[][o.e.g.GatewayService] recovered [0] indices into cluster_state
2019.07.19 14:25:18 INFO  es[][o.e.n.Node] stopping ...
2019.07.19 14:25:18 INFO  es[][o.e.n.Node] stopped
2019.07.19 14:25:18 INFO  es[][o.e.n.Node] closing ...
2019.07.19 14:25:18 INFO  es[][o.e.n.Node] closed
2019.07.19 14:28:16 INFO  es[][o.e.n.Node] initializing ...
2019.07.19 14:28:17 INFO  es[][o.e.e.NodeEnvironment] using [1] data paths, mounts [[/opt/sonarqube/data (/dev/sda9)]], net usable_space [269.3gb], net total_space [390.8gb], spins? [possibly], types [ext4]
2019.07.19 14:28:17 INFO  es[][o.e.e.NodeEnvironment] heap size [494.9mb], compressed ordinary object pointers [true]
2019.07.19 14:28:17 INFO  es[][o.e.n.Node] node name [sonarqube], node ID [PKYnVQpxQbmC3pQ8D3kBbw]
2019.07.19 14:28:17 INFO  es[][o.e.n.Node] version[5.6.3], pid[23], build[1a2f265/2017-10-06T20:33:39.012Z], OS[Linux/4.15.0-20-generic/amd64], JVM[Oracle Corporation/OpenJDK 64-Bit Server VM/1.8.0_181/25.181-b13]
2019.07.19 14:28:17 INFO  es[][o.e.n.Node] JVM arguments [-XX:+UseConcMarkSweepGC, -XX:CMSInitiatingOccupancyFraction=75, -XX:+UseCMSInitiatingOccupancyOnly, -XX:+AlwaysPreTouch, -Xss1m, -Djava.awt.headless=true, -Dfile.encoding=UTF-8, -Djna.nosys=true, -Djdk.io.permissionsUseCanonicalPath=true, -Dio.netty.noUnsafe=true, -Dio.netty.noKeySetOptimization=true, -Dio.netty.recycler.maxCapacityPerThread=0, -Dlog4j.shutdownHookEnabled=false, -Dlog4j2.disable.jmx=true, -Dlog4j.skipJansi=true, -Xms512m, -Xmx512m, -XX:+HeapDumpOnOutOfMemoryError, -Des.path.home=/opt/sonarqube/elasticsearch]
2019.07.19 14:28:17 INFO  es[][o.e.p.PluginsService] loaded module [aggs-matrix-stats]
2019.07.19 14:28:17 INFO  es[][o.e.p.PluginsService] loaded module [ingest-common]
2019.07.19 14:28:17 INFO  es[][o.e.p.PluginsService] loaded module [parent-join]
2019.07.19 14:28:17 INFO  es[][o.e.p.PluginsService] loaded module [percolator]
2019.07.19 14:28:17 INFO  es[][o.e.p.PluginsService] loaded module [reindex]
2019.07.19 14:28:17 INFO  es[][o.e.p.PluginsService] loaded module [transport-netty4]
2019.07.19 14:28:17 INFO  es[][o.e.p.PluginsService] no plugins loaded
2019.07.19 14:28:19 INFO  es[][o.e.d.DiscoveryModule] using discovery type [zen]
2019.07.19 14:28:19 INFO  es[][o.e.n.Node] initialized
2019.07.19 14:28:19 INFO  es[][o.e.n.Node] starting ...
2019.07.19 14:28:19 INFO  es[][o.e.t.TransportService] publish_address {127.0.0.1:9001}, bound_addresses {127.0.0.1:9001}
2019.07.19 14:28:19 WARN  es[][o.e.b.BootstrapChecks] max virtual memory areas vm.max_map_count [65530] is too low, increase to at least [262144]
2019.07.19 14:28:23 INFO  es[][o.e.c.s.ClusterService] new_master {sonarqube}{PKYnVQpxQbmC3pQ8D3kBbw}{KNUVU-dsT0u8enKP9G31kg}{127.0.0.1}{127.0.0.1:9001}{rack_id=sonarqube}, reason: zen-disco-elected-as-master ([0] nodes joined)
2019.07.19 14:28:23 INFO  es[][o.e.n.Node] started
2019.07.19 14:28:23 INFO  es[][o.e.g.GatewayService] recovered [0] indices into cluster_state
2019.07.19 14:28:30 INFO  es[][o.e.c.m.MetaDataCreateIndexService] [metadatas] creating index, cause [api], templates [], shards [1]/[0], mappings []
2019.07.19 14:28:31 INFO  es[][o.e.c.r.a.AllocationService] Cluster health status changed from [YELLOW] to [GREEN] (reason: [shards started [[metadatas][0]] ...]).
2019.07.19 14:28:31 INFO  es[][o.e.c.m.MetaDataMappingService] [metadatas/UtcXqJ_8QZGWxHw8HYDvCQ] create_mapping [metadata]
2019.07.19 14:28:31 INFO  es[][o.e.c.m.MetaDataCreateIndexService] [components] creating index, cause [api], templates [], shards [5]/[0], mappings []
2019.07.19 14:28:32 INFO  es[][o.e.c.r.a.AllocationService] Cluster health status changed from [YELLOW] to [GREEN] (reason: [shards started [[components][4]] ...]).
2019.07.19 14:28:33 INFO  es[][o.e.c.m.MetaDataMappingService] [components/uhvclXEEQRyzZ1_Uuawecw] create_mapping [component]
2019.07.19 14:28:33 INFO  es[][o.e.c.m.MetaDataMappingService] [components/uhvclXEEQRyzZ1_Uuawecw] create_mapping [authorization]
2019.07.19 14:28:33 INFO  es[][o.e.c.m.MetaDataCreateIndexService] [tests] creating index, cause [api], templates [], shards [5]/[0], mappings []
2019.07.19 14:28:34 INFO  es[][o.e.c.r.a.AllocationService] Cluster health status changed from [YELLOW] to [GREEN] (reason: [shards started [[tests][4]] ...]).
2019.07.19 14:28:34 INFO  es[][o.e.c.m.MetaDataMappingService] [tests/UFQKNwJMQcKeEwef5hf58Q] create_mapping [test]
2019.07.19 14:28:34 INFO  es[][o.e.c.m.MetaDataCreateIndexService] [projectmeasures] creating index, cause [api], templates [], shards [5]/[0], mappings []
2019.07.19 14:28:36 INFO  es[][o.e.c.r.a.AllocationService] Cluster health status changed from [YELLOW] to [GREEN] (reason: [shards started [[projectmeasures][4]] ...]).
2019.07.19 14:28:36 INFO  es[][o.e.c.m.MetaDataMappingService] [projectmeasures/KSbGNl0dR0ataMst6o5NHA] create_mapping [projectmeasure]
2019.07.19 14:28:36 INFO  es[][o.e.c.m.MetaDataMappingService] [projectmeasures/KSbGNl0dR0ataMst6o5NHA] create_mapping [authorization]
2019.07.19 14:28:36 INFO  es[][o.e.c.m.MetaDataCreateIndexService] [rules] creating index, cause [api], templates [], shards [2]/[0], mappings []
2019.07.19 14:28:37 INFO  es[][o.e.c.r.a.AllocationService] Cluster health status changed from [YELLOW] to [GREEN] (reason: [shards started [[rules][0]] ...]).
2019.07.19 14:28:37 INFO  es[][o.e.c.m.MetaDataMappingService] [rules/jgeno03STi-4zDgQg76VYg] create_mapping [activeRule]
2019.07.19 14:28:37 INFO  es[][o.e.c.m.MetaDataMappingService] [rules/jgeno03STi-4zDgQg76VYg] create_mapping [ruleExtension]
2019.07.19 14:28:37 INFO  es[][o.e.c.m.MetaDataMappingService] [rules/jgeno03STi-4zDgQg76VYg] create_mapping [rule]
2019.07.19 14:28:37 INFO  es[][o.e.c.m.MetaDataCreateIndexService] [issues] creating index, cause [api], templates [], shards [5]/[0], mappings []
2019.07.19 14:28:38 INFO  es[][o.e.c.r.a.AllocationService] Cluster health status changed from [YELLOW] to [GREEN] (reason: [shards started [[issues][4]] ...]).
2019.07.19 14:28:38 INFO  es[][o.e.c.m.MetaDataMappingService] [issues/mV4EUJkKS_2YCllCBVX8VQ] create_mapping [issue]
2019.07.19 14:28:38 INFO  es[][o.e.c.m.MetaDataMappingService] [issues/mV4EUJkKS_2YCllCBVX8VQ] create_mapping [authorization]
2019.07.19 14:28:39 INFO  es[][o.e.c.m.MetaDataCreateIndexService] [users] creating index, cause [api], templates [], shards [1]/[0], mappings []
2019.07.19 14:28:39 INFO  es[][o.e.c.r.a.AllocationService] Cluster health status changed from [YELLOW] to [GREEN] (reason: [shards started [[users][0]] ...]).
2019.07.19 14:28:39 INFO  es[][o.e.c.m.MetaDataMappingService] [users/pz2iYcrVTaiMa2aQl4eCpA] create_mapping [user]
2019.07.19 14:28:39 INFO  es[][o.e.c.m.MetaDataCreateIndexService] [views] creating index, cause [api], templates [], shards [5]/[0], mappings []
2019.07.19 14:28:40 INFO  es[][o.e.c.r.a.AllocationService] Cluster health status changed from [YELLOW] to [GREEN] (reason: [shards started [[views][4]] ...]).
2019.07.19 14:28:40 INFO  es[][o.e.c.m.MetaDataMappingService] [views/x28vrgLwRuaF_E-1eCQ0tg] create_mapping [view]
2019.07.19 14:29:04 INFO  es[][o.e.c.s.IndexScopedSettings] updating [index.refresh_interval] from [30s] to [-1]
2019.07.19 14:29:04 INFO  es[][o.e.c.s.IndexScopedSettings] updating [index.refresh_interval] from [30s] to [-1]
2019.07.19 14:29:05 INFO  es[][o.e.c.s.IndexScopedSettings] updating [index.refresh_interval] from [-1] to [30s]
2019.07.19 14:29:05 INFO  es[][o.e.c.s.IndexScopedSettings] updating [index.refresh_interval] from [-1] to [30s]
2019.07.19 14:29:05 INFO  es[][o.e.c.s.IndexScopedSettings] updating [index.refresh_interval] from [30s] to [-1]
2019.07.19 14:29:05 INFO  es[][o.e.c.s.IndexScopedSettings] updating [index.refresh_interval] from [30s] to [-1]
2019.07.19 14:29:05 INFO  es[][o.e.c.s.IndexScopedSettings] updating [index.refresh_interval] from [-1] to [30s]
2019.07.19 14:29:05 INFO  es[][o.e.c.s.IndexScopedSettings] updating [index.refresh_interval] from [-1] to [30s]
2019.07.19 16:30:11 INFO  es[][o.e.n.Node] stopping ...
2019.07.19 16:30:11 INFO  es[][o.e.n.Node] stopped
2019.07.19 16:30:11 INFO  es[][o.e.n.Node] closing ...
2019.07.19 16:30:11 INFO  es[][o.e.n.Node] closed
2019.07.19 16:32:35 INFO  es[][o.e.n.Node] initializing ...
2019.07.19 16:32:36 INFO  es[][o.e.e.NodeEnvironment] using [1] data paths, mounts [[/opt/sonarqube/data (/dev/sda9)]], net usable_space [269.2gb], net total_space [390.8gb], spins? [possibly], types [ext4]
2019.07.19 16:32:36 INFO  es[][o.e.e.NodeEnvironment] heap size [494.9mb], compressed ordinary object pointers [true]
2019.07.19 16:32:36 INFO  es[][o.e.n.Node] node name [sonarqube], node ID [PKYnVQpxQbmC3pQ8D3kBbw]
2019.07.19 16:32:36 INFO  es[][o.e.n.Node] version[5.6.3], pid[23], build[1a2f265/2017-10-06T20:33:39.012Z], OS[Linux/4.15.0-20-generic/amd64], JVM[Oracle Corporation/OpenJDK 64-Bit Server VM/1.8.0_181/25.181-b13]
2019.07.19 16:32:36 INFO  es[][o.e.n.Node] JVM arguments [-XX:+UseConcMarkSweepGC, -XX:CMSInitiatingOccupancyFraction=75, -XX:+UseCMSInitiatingOccupancyOnly, -XX:+AlwaysPreTouch, -Xss1m, -Djava.awt.headless=true, -Dfile.encoding=UTF-8, -Djna.nosys=true, -Djdk.io.permissionsUseCanonicalPath=true, -Dio.netty.noUnsafe=true, -Dio.netty.noKeySetOptimization=true, -Dio.netty.recycler.maxCapacityPerThread=0, -Dlog4j.shutdownHookEnabled=false, -Dlog4j2.disable.jmx=true, -Dlog4j.skipJansi=true, -Xms512m, -Xmx512m, -XX:+HeapDumpOnOutOfMemoryError, -Des.path.home=/opt/sonarqube/elasticsearch]
2019.07.19 16:32:37 INFO  es[][o.e.p.PluginsService] loaded module [aggs-matrix-stats]
2019.07.19 16:32:37 INFO  es[][o.e.p.PluginsService] loaded module [ingest-common]
2019.07.19 16:32:37 INFO  es[][o.e.p.PluginsService] loaded module [parent-join]
2019.07.19 16:32:37 INFO  es[][o.e.p.PluginsService] loaded module [percolator]
2019.07.19 16:32:37 INFO  es[][o.e.p.PluginsService] loaded module [reindex]
2019.07.19 16:32:37 INFO  es[][o.e.p.PluginsService] loaded module [transport-netty4]
2019.07.19 16:32:37 INFO  es[][o.e.p.PluginsService] no plugins loaded
2019.07.19 16:32:39 INFO  es[][o.e.d.DiscoveryModule] using discovery type [zen]
2019.07.19 16:32:40 INFO  es[][o.e.n.Node] initialized
2019.07.19 16:32:40 INFO  es[][o.e.n.Node] starting ...
2019.07.19 16:32:40 INFO  es[][o.e.t.TransportService] publish_address {127.0.0.1:9001}, bound_addresses {127.0.0.1:9001}
2019.07.19 16:32:40 WARN  es[][o.e.b.BootstrapChecks] max virtual memory areas vm.max_map_count [65530] is too low, increase to at least [262144]
2019.07.19 16:32:43 INFO  es[][o.e.c.s.ClusterService] new_master {sonarqube}{PKYnVQpxQbmC3pQ8D3kBbw}{UE26PFGVQa6cHqtnW-wNUg}{127.0.0.1}{127.0.0.1:9001}{rack_id=sonarqube}, reason: zen-disco-elected-as-master ([0] nodes joined)
2019.07.19 16:32:43 INFO  es[][o.e.n.Node] started
2019.07.19 16:32:44 INFO  es[][o.e.g.GatewayService] recovered [8] indices into cluster_state
2019.07.19 16:32:51 INFO  es[][o.e.c.r.a.AllocationService] Cluster health status changed from [RED] to [GREEN] (reason: [shards started [[components][4], [metadatas][0]] ...]).
2019.07.19 16:32:52 INFO  es[][o.e.n.Node] stopping ...
2019.07.19 16:32:52 INFO  es[][o.e.n.Node] stopped
2019.07.19 16:32:52 INFO  es[][o.e.n.Node] closing ...
2019.07.19 16:32:52 INFO  es[][o.e.n.Node] closed
2019.07.19 16:41:58 INFO  es[][o.e.n.Node] initializing ...
2019.07.19 16:41:59 INFO  es[][o.e.e.NodeEnvironment] using [1] data paths, mounts [[/opt/sonarqube/data (/dev/sda9)]], net usable_space [269.2gb], net total_space [390.8gb], spins? [possibly], types [ext4]
2019.07.19 16:41:59 INFO  es[][o.e.e.NodeEnvironment] heap size [494.9mb], compressed ordinary object pointers [true]
2019.07.19 16:41:59 INFO  es[][o.e.n.Node] node name [sonarqube], node ID [PKYnVQpxQbmC3pQ8D3kBbw]
2019.07.19 16:41:59 INFO  es[][o.e.n.Node] version[5.6.3], pid[22], build[1a2f265/2017-10-06T20:33:39.012Z], OS[Linux/4.15.0-20-generic/amd64], JVM[Oracle Corporation/OpenJDK 64-Bit Server VM/1.8.0_181/25.181-b13]
2019.07.19 16:41:59 INFO  es[][o.e.n.Node] JVM arguments [-XX:+UseConcMarkSweepGC, -XX:CMSInitiatingOccupancyFraction=75, -XX:+UseCMSInitiatingOccupancyOnly, -XX:+AlwaysPreTouch, -Xss1m, -Djava.awt.headless=true, -Dfile.encoding=UTF-8, -Djna.nosys=true, -Djdk.io.permissionsUseCanonicalPath=true, -Dio.netty.noUnsafe=true, -Dio.netty.noKeySetOptimization=true, -Dio.netty.recycler.maxCapacityPerThread=0, -Dlog4j.shutdownHookEnabled=false, -Dlog4j2.disable.jmx=true, -Dlog4j.skipJansi=true, -Xms512m, -Xmx512m, -XX:+HeapDumpOnOutOfMemoryError, -Des.path.home=/opt/sonarqube/elasticsearch]
2019.07.19 16:42:00 INFO  es[][o.e.p.PluginsService] loaded module [aggs-matrix-stats]
2019.07.19 16:42:00 INFO  es[][o.e.p.PluginsService] loaded module [ingest-common]
2019.07.19 16:42:00 INFO  es[][o.e.p.PluginsService] loaded module [parent-join]
2019.07.19 16:42:00 INFO  es[][o.e.p.PluginsService] loaded module [percolator]
2019.07.19 16:42:00 INFO  es[][o.e.p.PluginsService] loaded module [reindex]
2019.07.19 16:42:00 INFO  es[][o.e.p.PluginsService] loaded module [transport-netty4]
2019.07.19 16:42:00 INFO  es[][o.e.p.PluginsService] no plugins loaded
2019.07.19 16:42:02 INFO  es[][o.e.d.DiscoveryModule] using discovery type [zen]
2019.07.19 16:42:03 INFO  es[][o.e.n.Node] initialized
2019.07.19 16:42:03 INFO  es[][o.e.n.Node] starting ...
2019.07.19 16:42:03 INFO  es[][o.e.t.TransportService] publish_address {127.0.0.1:9001}, bound_addresses {127.0.0.1:9001}
2019.07.19 16:42:03 WARN  es[][o.e.b.BootstrapChecks] max virtual memory areas vm.max_map_count [65530] is too low, increase to at least [262144]
2019.07.19 16:42:06 INFO  es[][o.e.c.s.ClusterService] new_master {sonarqube}{PKYnVQpxQbmC3pQ8D3kBbw}{sEsPTqu_ReqzBReRWyxnPw}{127.0.0.1}{127.0.0.1:9001}{rack_id=sonarqube}, reason: zen-disco-elected-as-master ([0] nodes joined)
2019.07.19 16:42:06 INFO  es[][o.e.n.Node] started
2019.07.19 16:42:08 INFO  es[][o.e.g.GatewayService] recovered [8] indices into cluster_state
2019.07.19 16:42:15 INFO  es[][o.e.c.r.a.AllocationService] Cluster health status changed from [RED] to [GREEN] (reason: [shards started [[metadatas][0]] ...]).
2019.07.19 16:42:15 INFO  es[][o.e.n.Node] stopping ...
2019.07.19 16:42:15 INFO  es[][o.e.n.Node] stopped
2019.07.19 16:42:15 INFO  es[][o.e.n.Node] closing ...
2019.07.19 16:42:15 INFO  es[][o.e.n.Node] closed
2019.07.19 19:08:39 INFO  es[][o.e.n.Node] initializing ...
2019.07.19 19:08:40 INFO  es[][o.e.e.NodeEnvironment] using [1] data paths, mounts [[/opt/sonarqube/data (/dev/sda9)]], net usable_space [269.2gb], net total_space [390.8gb], spins? [possibly], types [ext4]
2019.07.19 19:08:40 INFO  es[][o.e.e.NodeEnvironment] heap size [494.9mb], compressed ordinary object pointers [true]
2019.07.19 19:08:40 INFO  es[][o.e.n.Node] node name [sonarqube], node ID [PKYnVQpxQbmC3pQ8D3kBbw]
2019.07.19 19:08:40 INFO  es[][o.e.n.Node] version[5.6.3], pid[25], build[1a2f265/2017-10-06T20:33:39.012Z], OS[Linux/4.15.0-20-generic/amd64], JVM[Oracle Corporation/OpenJDK 64-Bit Server VM/1.8.0_181/25.181-b13]
2019.07.19 19:08:40 INFO  es[][o.e.n.Node] JVM arguments [-XX:+UseConcMarkSweepGC, -XX:CMSInitiatingOccupancyFraction=75, -XX:+UseCMSInitiatingOccupancyOnly, -XX:+AlwaysPreTouch, -Xss1m, -Djava.awt.headless=true, -Dfile.encoding=UTF-8, -Djna.nosys=true, -Djdk.io.permissionsUseCanonicalPath=true, -Dio.netty.noUnsafe=true, -Dio.netty.noKeySetOptimization=true, -Dio.netty.recycler.maxCapacityPerThread=0, -Dlog4j.shutdownHookEnabled=false, -Dlog4j2.disable.jmx=true, -Dlog4j.skipJansi=true, -Xms512m, -Xmx512m, -XX:+HeapDumpOnOutOfMemoryError, -Des.path.home=/opt/sonarqube/elasticsearch]
2019.07.19 19:08:40 INFO  es[][o.e.p.PluginsService] loaded module [aggs-matrix-stats]
2019.07.19 19:08:40 INFO  es[][o.e.p.PluginsService] loaded module [ingest-common]
2019.07.19 19:08:40 INFO  es[][o.e.p.PluginsService] loaded module [parent-join]
2019.07.19 19:08:40 INFO  es[][o.e.p.PluginsService] loaded module [percolator]
2019.07.19 19:08:40 INFO  es[][o.e.p.PluginsService] loaded module [reindex]
2019.07.19 19:08:40 INFO  es[][o.e.p.PluginsService] loaded module [transport-netty4]
2019.07.19 19:08:40 INFO  es[][o.e.p.PluginsService] no plugins loaded
2019.07.19 19:08:42 INFO  es[][o.e.d.DiscoveryModule] using discovery type [zen]
2019.07.19 19:08:43 INFO  es[][o.e.n.Node] initialized
2019.07.19 19:08:43 INFO  es[][o.e.n.Node] starting ...
2019.07.19 19:08:43 INFO  es[][o.e.t.TransportService] publish_address {127.0.0.1:9001}, bound_addresses {127.0.0.1:9001}
2019.07.19 19:08:43 WARN  es[][o.e.b.BootstrapChecks] max virtual memory areas vm.max_map_count [65530] is too low, increase to at least [262144]
2019.07.19 19:08:46 INFO  es[][o.e.c.s.ClusterService] new_master {sonarqube}{PKYnVQpxQbmC3pQ8D3kBbw}{GDn1VG8NSn296DzxLBeMOQ}{127.0.0.1}{127.0.0.1:9001}{rack_id=sonarqube}, reason: zen-disco-elected-as-master ([0] nodes joined)
2019.07.19 19:08:46 INFO  es[][o.e.n.Node] started
2019.07.19 19:08:47 INFO  es[][o.e.g.GatewayService] recovered [8] indices into cluster_state
2019.07.19 19:08:53 INFO  es[][o.e.c.r.a.AllocationService] Cluster health status changed from [RED] to [GREEN] (reason: [shards started [[metadatas][0], [components][3]] ...]).
