2019.07.19 14:25:08 INFO  app[][o.s.a.AppFileSystem] Cleaning or creating temp directory /opt/sonarqube/temp
2019.07.19 14:25:08 INFO  app[][o.s.a.es.EsSettings] Elasticsearch listening on /127.0.0.1:9001
2019.07.19 14:25:08 INFO  app[][o.s.a.p.ProcessLauncherImpl] Launch process[[key='es', ipcIndex=1, logFilenamePrefix=es]] from [/opt/sonarqube/elasticsearch]: /opt/sonarqube/elasticsearch/bin/elasticsearch -Epath.conf=/opt/sonarqube/temp/conf/es
2019.07.19 14:25:08 INFO  app[][o.s.a.SchedulerImpl] Waiting for Elasticsearch to be up and running
2019.07.19 14:25:08 INFO  app[][o.e.p.PluginsService] no modules loaded
2019.07.19 14:25:08 INFO  app[][o.e.p.PluginsService] loaded plugin [org.elasticsearch.transport.Netty4Plugin]
2019.07.19 14:25:18 INFO  app[][o.s.a.SchedulerImpl] Process[es] is up
2019.07.19 14:25:18 INFO  app[][o.s.a.p.ProcessLauncherImpl] Launch process[[key='web', ipcIndex=2, logFilenamePrefix=web]] from [/opt/sonarqube]: /usr/lib/jvm/java-1.8-openjdk/jre/bin/java -Djava.awt.headless=true -Dfile.encoding=UTF-8 -Djava.io.tmpdir=/opt/sonarqube/temp -Xmx512m -Xms128m -XX:+HeapDumpOnOutOfMemoryError -Djava.security.egd=file:/dev/./urandom -cp ./lib/common/*:/opt/sonarqube/lib/jdbc/h2/h2-1.3.176.jar org.sonar.server.app.WebServer /opt/sonarqube/temp/sq-process6062334702293226116properties
2019.07.19 14:25:18 WARN  app[][o.s.a.p.AbstractProcessMonitor] Process exited with exit value [web]: 1
2019.07.19 14:25:18 INFO  app[][o.s.a.SchedulerImpl] Process [web] is stopped
2019.07.19 14:25:18 WARN  app[][o.s.a.p.AbstractProcessMonitor] Process exited with exit value [es]: 143
2019.07.19 14:25:18 INFO  app[][o.s.a.SchedulerImpl] Process [es] is stopped
2019.07.19 14:25:18 INFO  app[][o.s.a.SchedulerImpl] SonarQube is stopped
2019.07.19 14:28:14 INFO  app[][o.s.a.AppFileSystem] Cleaning or creating temp directory /opt/sonarqube/temp
2019.07.19 14:28:14 INFO  app[][o.s.a.es.EsSettings] Elasticsearch listening on /127.0.0.1:9001
2019.07.19 14:28:14 INFO  app[][o.s.a.p.ProcessLauncherImpl] Launch process[[key='es', ipcIndex=1, logFilenamePrefix=es]] from [/opt/sonarqube/elasticsearch]: /opt/sonarqube/elasticsearch/bin/elasticsearch -Epath.conf=/opt/sonarqube/temp/conf/es
2019.07.19 14:28:14 INFO  app[][o.s.a.SchedulerImpl] Waiting for Elasticsearch to be up and running
2019.07.19 14:28:15 INFO  app[][o.e.p.PluginsService] no modules loaded
2019.07.19 14:28:15 INFO  app[][o.e.p.PluginsService] loaded plugin [org.elasticsearch.transport.Netty4Plugin]
2019.07.19 14:28:23 INFO  app[][o.s.a.SchedulerImpl] Process[es] is up
2019.07.19 14:28:23 INFO  app[][o.s.a.p.ProcessLauncherImpl] Launch process[[key='web', ipcIndex=2, logFilenamePrefix=web]] from [/opt/sonarqube]: /usr/lib/jvm/java-1.8-openjdk/jre/bin/java -Djava.awt.headless=true -Dfile.encoding=UTF-8 -Djava.io.tmpdir=/opt/sonarqube/temp -Xmx512m -Xms128m -XX:+HeapDumpOnOutOfMemoryError -Djava.security.egd=file:/dev/./urandom -cp ./lib/common/*:/opt/sonarqube/lib/jdbc/h2/h2-1.3.176.jar org.sonar.server.app.WebServer /opt/sonarqube/temp/sq-process8564740773562149672properties
2019.07.19 14:29:07 INFO  app[][o.s.a.SchedulerImpl] Process[web] is up
2019.07.19 14:29:07 INFO  app[][o.s.a.p.ProcessLauncherImpl] Launch process[[key='ce', ipcIndex=3, logFilenamePrefix=ce]] from [/opt/sonarqube]: /usr/lib/jvm/java-1.8-openjdk/jre/bin/java -Djava.awt.headless=true -Dfile.encoding=UTF-8 -Djava.io.tmpdir=/opt/sonarqube/temp -Xmx512m -Xms128m -XX:+HeapDumpOnOutOfMemoryError -cp ./lib/common/*:/opt/sonarqube/lib/jdbc/h2/h2-1.3.176.jar org.sonar.ce.app.CeServer /opt/sonarqube/temp/sq-process771916731052406790properties
2019.07.19 14:29:12 INFO  app[][o.s.a.SchedulerImpl] Process[ce] is up
2019.07.19 14:29:12 INFO  app[][o.s.a.SchedulerImpl] SonarQube is up
2019.07.19 16:30:04 INFO  app[][o.s.a.SchedulerImpl] Stopping SonarQube
2019.07.19 16:30:07 INFO  app[][o.s.a.SchedulerImpl] Process [ce] is stopped
2019.07.19 16:30:11 INFO  app[][o.s.a.SchedulerImpl] Process [web] is stopped
2019.07.19 16:30:11 INFO  app[][o.s.a.SchedulerImpl] Process [es] is stopped
2019.07.19 16:30:11 WARN  app[][o.s.a.p.AbstractProcessMonitor] Process exited with exit value [es]: 143
2019.07.19 16:30:11 INFO  app[][o.s.a.SchedulerImpl] SonarQube is stopped
2019.07.19 16:32:32 INFO  app[][o.s.a.AppFileSystem] Cleaning or creating temp directory /opt/sonarqube/temp
2019.07.19 16:32:32 INFO  app[][o.s.a.es.EsSettings] Elasticsearch listening on /127.0.0.1:9001
2019.07.19 16:32:33 INFO  app[][o.s.a.p.ProcessLauncherImpl] Launch process[[key='es', ipcIndex=1, logFilenamePrefix=es]] from [/opt/sonarqube/elasticsearch]: /opt/sonarqube/elasticsearch/bin/elasticsearch -Epath.conf=/opt/sonarqube/temp/conf/es
2019.07.19 16:32:33 INFO  app[][o.s.a.SchedulerImpl] Waiting for Elasticsearch to be up and running
2019.07.19 16:32:33 INFO  app[][o.e.p.PluginsService] no modules loaded
2019.07.19 16:32:33 INFO  app[][o.e.p.PluginsService] loaded plugin [org.elasticsearch.transport.Netty4Plugin]
2019.07.19 16:32:51 INFO  app[][o.s.a.SchedulerImpl] Process[es] is up
2019.07.19 16:32:51 INFO  app[][o.s.a.p.ProcessLauncherImpl] Launch process[[key='web', ipcIndex=2, logFilenamePrefix=web]] from [/opt/sonarqube]: /usr/lib/jvm/java-1.8-openjdk/jre/bin/java -Djava.awt.headless=true -Dfile.encoding=UTF-8 -Djava.io.tmpdir=/opt/sonarqube/temp -Xmx512m -Xms128m -XX:+HeapDumpOnOutOfMemoryError -Djava.security.egd=file:/dev/./urandom -cp ./lib/common/*:/opt/sonarqube/lib/jdbc/h2/h2-1.3.176.jar org.sonar.server.app.WebServer /opt/sonarqube/temp/sq-process9193077741748422328properties
2019.07.19 16:32:52 WARN  app[][o.s.a.p.AbstractProcessMonitor] Process exited with exit value [web]: 1
2019.07.19 16:32:52 INFO  app[][o.s.a.SchedulerImpl] Process [web] is stopped
2019.07.19 16:32:52 INFO  app[][o.s.a.SchedulerImpl] Process [es] is stopped
2019.07.19 16:32:52 WARN  app[][o.s.a.p.AbstractProcessMonitor] Process exited with exit value [es]: 143
2019.07.19 16:32:52 INFO  app[][o.s.a.SchedulerImpl] SonarQube is stopped
2019.07.19 16:41:56 INFO  app[][o.s.a.AppFileSystem] Cleaning or creating temp directory /opt/sonarqube/temp
2019.07.19 16:41:56 INFO  app[][o.s.a.es.EsSettings] Elasticsearch listening on /127.0.0.1:9001
2019.07.19 16:41:56 INFO  app[][o.s.a.p.ProcessLauncherImpl] Launch process[[key='es', ipcIndex=1, logFilenamePrefix=es]] from [/opt/sonarqube/elasticsearch]: /opt/sonarqube/elasticsearch/bin/elasticsearch -Epath.conf=/opt/sonarqube/temp/conf/es
2019.07.19 16:41:56 INFO  app[][o.s.a.SchedulerImpl] Waiting for Elasticsearch to be up and running
2019.07.19 16:41:57 INFO  app[][o.e.p.PluginsService] no modules loaded
2019.07.19 16:41:57 INFO  app[][o.e.p.PluginsService] loaded plugin [org.elasticsearch.transport.Netty4Plugin]
2019.07.19 16:42:15 INFO  app[][o.s.a.SchedulerImpl] Process[es] is up
2019.07.19 16:42:15 INFO  app[][o.s.a.p.ProcessLauncherImpl] Launch process[[key='web', ipcIndex=2, logFilenamePrefix=web]] from [/opt/sonarqube]: /usr/lib/jvm/java-1.8-openjdk/jre/bin/java -Djava.awt.headless=true -Dfile.encoding=UTF-8 -Djava.io.tmpdir=/opt/sonarqube/temp -Xmx512m -Xms128m -XX:+HeapDumpOnOutOfMemoryError -Djava.security.egd=file:/dev/./urandom -cp ./lib/common/*:/opt/sonarqube/lib/jdbc/h2/h2-1.3.176.jar org.sonar.server.app.WebServer /opt/sonarqube/temp/sq-process2327368293325579164properties
2019.07.19 16:42:15 WARN  app[][o.s.a.p.AbstractProcessMonitor] Process exited with exit value [web]: 1
2019.07.19 16:42:15 INFO  app[][o.s.a.SchedulerImpl] Process [web] is stopped
2019.07.19 16:42:15 WARN  app[][o.s.a.p.AbstractProcessMonitor] Process exited with exit value [es]: 143
2019.07.19 16:42:15 INFO  app[][o.s.a.SchedulerImpl] Process [es] is stopped
2019.07.19 16:42:15 INFO  app[][o.s.a.SchedulerImpl] SonarQube is stopped
2019.07.19 19:08:37 INFO  app[][o.s.a.AppFileSystem] Cleaning or creating temp directory /opt/sonarqube/temp
2019.07.19 19:08:37 INFO  app[][o.s.a.es.EsSettings] Elasticsearch listening on /127.0.0.1:9001
2019.07.19 19:08:37 INFO  app[][o.s.a.p.ProcessLauncherImpl] Launch process[[key='es', ipcIndex=1, logFilenamePrefix=es]] from [/opt/sonarqube/elasticsearch]: /opt/sonarqube/elasticsearch/bin/elasticsearch -Epath.conf=/opt/sonarqube/temp/conf/es
2019.07.19 19:08:37 INFO  app[][o.s.a.SchedulerImpl] Waiting for Elasticsearch to be up and running
2019.07.19 19:08:37 INFO  app[][o.e.p.PluginsService] no modules loaded
2019.07.19 19:08:37 INFO  app[][o.e.p.PluginsService] loaded plugin [org.elasticsearch.transport.Netty4Plugin]
2019.07.19 19:08:53 INFO  app[][o.s.a.SchedulerImpl] Process[es] is up
2019.07.19 19:08:53 INFO  app[][o.s.a.p.ProcessLauncherImpl] Launch process[[key='web', ipcIndex=2, logFilenamePrefix=web]] from [/opt/sonarqube]: /usr/lib/jvm/java-1.8-openjdk/jre/bin/java -Djava.awt.headless=true -Dfile.encoding=UTF-8 -Djava.io.tmpdir=/opt/sonarqube/temp -Xmx512m -Xms128m -XX:+HeapDumpOnOutOfMemoryError -Djava.security.egd=file:/dev/./urandom -cp ./lib/common/*:/opt/sonarqube/lib/jdbc/h2/h2-1.3.176.jar org.sonar.server.app.WebServer /opt/sonarqube/temp/sq-process8400973964614669811properties
2019.07.19 19:09:11 INFO  app[][o.s.a.SchedulerImpl] Process[web] is up
2019.07.19 19:09:11 INFO  app[][o.s.a.p.ProcessLauncherImpl] Launch process[[key='ce', ipcIndex=3, logFilenamePrefix=ce]] from [/opt/sonarqube]: /usr/lib/jvm/java-1.8-openjdk/jre/bin/java -Djava.awt.headless=true -Dfile.encoding=UTF-8 -Djava.io.tmpdir=/opt/sonarqube/temp -Xmx512m -Xms128m -XX:+HeapDumpOnOutOfMemoryError -cp ./lib/common/*:/opt/sonarqube/lib/jdbc/h2/h2-1.3.176.jar org.sonar.ce.app.CeServer /opt/sonarqube/temp/sq-process666260081561102423properties
2019.07.19 19:09:15 INFO  app[][o.s.a.SchedulerImpl] Process[ce] is up
2019.07.19 19:09:15 INFO  app[][o.s.a.SchedulerImpl] SonarQube is up
2019.07.19 21:44:39 INFO  app[][o.s.a.SchedulerImpl] Stopping SonarQube
2019.07.19 21:44:42 INFO  app[][o.s.a.SchedulerImpl] Process [ce] is stopped
2019.07.19 21:44:45 INFO  app[][o.s.a.SchedulerImpl] Process [web] is stopped
2019.07.19 21:44:45 INFO  app[][o.s.a.SchedulerImpl] Process [es] is stopped
2019.07.19 21:44:45 WARN  app[][o.s.a.p.AbstractProcessMonitor] Process exited with exit value [es]: 143
2019.07.19 21:44:45 INFO  app[][o.s.a.SchedulerImpl] SonarQube is stopped
